info: Hangfire.SqlServer.SqlServerObjectsInstaller[0]
      Start installing Hangfire SQL objects...
info: Hangfire.SqlServer.SqlServerObjectsInstaller[0]
      Hangfire SQL objects installed.
info: Microsoft.Hosting.Lifetime[14]
      Now listening on: http://localhost:5295
info: Hangfire.BackgroundJobServer[0]
      Starting Hangfire Server using job storage: 'SQL Server: (localdb)\mssqllocaldb@TaskManagerProject'
info: Hangfire.BackgroundJobServer[0]
      Using the following options for SQL Server job storage: Queue poll interval: 00:00:00.
info: Hangfire.BackgroundJobServer[0]
      Using the following options for Hangfire Server:
          Worker count: 20
          Listening queues: 'default'
          Shutdown timeout: 00:00:15
          Schedule polling interval: 00:00:15
info: Microsoft.Hosting.Lifetime[0]
      Application started. Press Ctrl+C to shut down.
info: Microsoft.Hosting.Lifetime[0]
      Hosting environment: Development
info: Microsoft.Hosting.Lifetime[0]
      Content root path: C:\TMP\Back-End\TaskManager\TaskManager.Api
info: Hangfire.Server.BackgroundServerProcess[0]
      Server ms:2932:39b61b22 successfully announced in 9.7503 ms
info: Hangfire.Server.BackgroundServerProcess[0]
      Server ms:2932:39b61b22 is starting the registered dispatchers: ServerWatchdog, ServerJobCancellationWatcher, SqlServerHeartbeatProcess, ExpirationManager, CountersAggregator, Worker, DelayedJobScheduler, RecurringJobScheduler...
info: Hangfire.Server.BackgroundServerProcess[0]
      Server ms:2932:39b61b22 all the dispatchers started
